Using pre-set license
Built from '2020.3/staging' branch; Version is '2020.3.16f1 (049d6eca3c44) revision 302446'; Using compiler version '192528614'; Build Type 'Release'
OS: 'Windows 10 Pro; OS build 19042.1348; Version 2009; 64bit' Language: 'es' Physical Memory: 8134 MB
BatchMode: 1, IsHumanControllingUs: 0, StartBugReporterOnCrash: 0, Is64bit: 1, IsPro: 0

 COMMAND LINE ARGUMENTS:
C:\Program Files\Unity\Hub\Editor\2020.3.16f1\Editor\Unity.exe
-adb2
-batchMode
-noUpm
-name
AssetImportWorker0
-projectPath
C:/Users/Juan/Documents/GitHub/Ra_s_Curse/RasCurse
-logFile
Logs/AssetImportWorker0.log
-srvPort
49368
Successfully changed project path to: C:/Users/Juan/Documents/GitHub/Ra_s_Curse/RasCurse
C:/Users/Juan/Documents/GitHub/Ra_s_Curse/RasCurse
Using Asset Import Pipeline V2.
Refreshing native plugins compatible for Editor in 163.40 ms, found 2 plugins.
Preloading 0 native plugins for Editor in 0.00 ms.
Initialize engine version: 2020.3.16f1 (049d6eca3c44)
[Subsystems] Discovering subsystems at path C:/Program Files/Unity/Hub/Editor/2020.3.16f1/Editor/Data/Resources/UnitySubsystems
[Subsystems] Discovering subsystems at path C:/Users/Juan/Documents/GitHub/Ra_s_Curse/RasCurse/Assets
GfxDevice: creating device client; threaded=0
Direct3D:
    Version:  Direct3D 11.0 [level 11.1]
    Renderer: NVIDIA GeForce GTX 950 (ID=0x1402)
    Vendor:   
    VRAM:     2007 MB
    Driver:   27.21.14.6192
Initialize mono
Mono path[0] = 'C:/Program Files/Unity/Hub/Editor/2020.3.16f1/Editor/Data/Managed'
Mono path[1] = 'C:/Program Files/Unity/Hub/Editor/2020.3.16f1/Editor/Data/MonoBleedingEdge/lib/mono/unityjit'
Mono config path = 'C:/Program Files/Unity/Hub/Editor/2020.3.16f1/Editor/Data/MonoBleedingEdge/etc'
Using monoOptions --debugger-agent=transport=dt_socket,embedding=1,server=y,suspend=n,address=127.0.0.1:56272
Begin MonoManager ReloadAssembly
Registering precompiled unity dll's ...
Register platform support module: C:/Program Files/Unity/Hub/Editor/2020.3.16f1/Editor/Data/PlaybackEngines/WindowsStandaloneSupport/UnityEditor.WindowsStandalone.Extensions.dll
Registered in 0.012860 seconds.
Native extension for WindowsStandalone target not found
Refreshing native plugins compatible for Editor in 75.12 ms, found 2 plugins.
Preloading 0 native plugins for Editor in 0.00 ms.
Mono: successfully reloaded assembly
- Completed reload, in  4.803 seconds
Domain Reload Profiling:
	ReloadAssembly (4804ms)
		BeginReloadAssembly (215ms)
			ExecutionOrderSort (0ms)
			DisableScriptedObjects (0ms)
			BackupInstance (0ms)
			ReleaseScriptingObjects (0ms)
			CreateAndSetChildDomain (2ms)
		EndReloadAssembly (1428ms)
			LoadAssemblies (205ms)
			RebuildTransferFunctionScriptingTraits (0ms)
			SetupTypeCache (517ms)
			ReleaseScriptCaches (0ms)
			RebuildScriptCaches (109ms)
			SetupLoadedEditorAssemblies (545ms)
				LogAssemblyErrors (0ms)
				InitializePlatformSupportModulesInManaged (18ms)
				SetLoadedEditorAssemblies (1ms)
				RefreshPlugins (75ms)
				BeforeProcessingInitializeOnLoad (58ms)
				ProcessInitializeOnLoadAttributes (286ms)
				ProcessInitializeOnLoadMethodAttributes (106ms)
				AfterProcessingInitializeOnLoad (0ms)
				EditorAssembliesLoaded (1ms)
			ExecutionOrderSort2 (0ms)
			AwakeInstancesAfterBackupRestoration (0ms)
Platform modules already initialized, skipping
Registering precompiled user dll's ...
Registered in 0.018469 seconds.
Begin MonoManager ReloadAssembly
Native extension for WindowsStandalone target not found
Refreshing native plugins compatible for Editor in 0.62 ms, found 2 plugins.
Preloading 0 native plugins for Editor in 0.00 ms.
Mono: successfully reloaded assembly
- Completed reload, in  3.776 seconds
Domain Reload Profiling:
	ReloadAssembly (3778ms)
		BeginReloadAssembly (450ms)
			ExecutionOrderSort (0ms)
			DisableScriptedObjects (21ms)
			BackupInstance (0ms)
			ReleaseScriptingObjects (0ms)
			CreateAndSetChildDomain (47ms)
		EndReloadAssembly (3109ms)
			LoadAssemblies (295ms)
			RebuildTransferFunctionScriptingTraits (0ms)
			SetupTypeCache (824ms)
			ReleaseScriptCaches (1ms)
			RebuildScriptCaches (144ms)
			SetupLoadedEditorAssemblies (1486ms)
				LogAssemblyErrors (0ms)
				InitializePlatformSupportModulesInManaged (28ms)
				SetLoadedEditorAssemblies (2ms)
				RefreshPlugins (1ms)
				BeforeProcessingInitializeOnLoad (274ms)
				ProcessInitializeOnLoadAttributes (1133ms)
				ProcessInitializeOnLoadMethodAttributes (24ms)
				AfterProcessingInitializeOnLoad (23ms)
				EditorAssembliesLoaded (1ms)
			ExecutionOrderSort2 (0ms)
			AwakeInstancesAfterBackupRestoration (25ms)
Platform modules already initialized, skipping
========================================================================
Worker process is ready to serve import requests
Launched and connected shader compiler UnityShaderCompiler.exe after 0.16 seconds
Refreshing native plugins compatible for Editor in 2.74 ms, found 2 plugins.
Preloading 0 native plugins for Editor in 0.00 ms.
Unloading 1422 Unused Serialized files (Serialized files now loaded: 0)
System memory in use before: 65.5 MB.
System memory in use after: 65.5 MB.

Unloading 18 unused Assets to reduce memory usage. Loaded Objects now: 1855.
Total: 9.621823 ms (FindLiveObjects: 0.294311 ms CreateObjectMapping: 0.075289 ms MarkObjects: 9.048357 ms  DeleteObjects: 0.196533 ms)

AssetImportParameters requested are different than current active one (requested -> active):
  custom:framework-win-MediaFoundation: 216162199b28c13a410421893ffa2e32 -> 
  custom:video-decoder-ogg-theora: a1e56fd34408186e4bbccfd4996cb3dc -> 
  custom:container-muxer-webm: aa71ff27fc2769a1b78a27578f13a17b -> 
  custom:container-demuxer-webm: 4f35f7cbe854078d1ac9338744f61a02 -> 
  custom:container-demuxer-ogg: 62fdf1f143b41e24485cea50d1cbac27 -> 
  custom:video-encoder-webm-vp8: eb34c28f22e8b96e1ab97ce403110664 -> 
  custom:video-decoder-webm-vp8: 9c59270c3fd7afecdb556c50c9e8de78 -> 
  custom:audio-decoder-ogg-vorbis: bf7c407c2cedff20999df2af8eb42d56 -> 
  custom:audio-encoder-webm-vorbis: bf7c407c2cedff20999df2af8eb42d56 -> 
========================================================================
Received Import Request.
  path: Assets/PanelStatus.prefab
  artifactKey: Guid(72e01e41672507f4e96f1f80379d9f6a) Importer(815301076,1909f56bfc062723c751e8b465ee728b)
Start importing Assets/PanelStatus.prefab using Guid(72e01e41672507f4e96f1f80379d9f6a) Importer(815301076,1909f56bfc062723c751e8b465ee728b)  -> (artifact id: '6d68db84cede4e5136b01b9a6ce1dfe7') in 0.221575 seconds 
  Import took 0.235896 seconds .

========================================================================
Received Import Request.
  Time since last request: 385.495314 seconds.
  path: Assets/Scenes/TBC.unity
  artifactKey: Guid(2cda990e2423bbf4892e6590ba056729) Importer(815301076,1909f56bfc062723c751e8b465ee728b)
Start importing Assets/Scenes/TBC.unity using Guid(2cda990e2423bbf4892e6590ba056729) Importer(815301076,1909f56bfc062723c751e8b465ee728b)  -> (artifact id: 'c95931ff1aca72117e1e09d54f91dfc8') in 0.040140 seconds 
  Import took 0.044354 seconds .

========================================================================
Received Import Request.
  Time since last request: 0.016706 seconds.
  path: Assets/Scenes/TBC.unity
  artifactKey: Guid(2cda990e2423bbf4892e6590ba056729) Importer(815301076,1909f56bfc062723c751e8b465ee728b)
Start importing Assets/Scenes/TBC.unity using Guid(2cda990e2423bbf4892e6590ba056729) Importer(815301076,1909f56bfc062723c751e8b465ee728b)  -> (artifact id: 'c95931ff1aca72117e1e09d54f91dfc8') in 0.010590 seconds 
  Import took 0.022330 seconds .

========================================================================
Received Prepare
Registering precompiled user dll's ...
Registered in 0.214873 seconds.
Begin MonoManager ReloadAssembly
Native extension for WindowsStandalone target not found
Refreshing native plugins compatible for Editor in 0.67 ms, found 2 plugins.
Preloading 0 native plugins for Editor in 0.00 ms.
Mono: successfully reloaded assembly
- Completed reload, in  3.993 seconds
Domain Reload Profiling:
	ReloadAssembly (3994ms)
		BeginReloadAssembly (307ms)
			ExecutionOrderSort (0ms)
			DisableScriptedObjects (14ms)
			BackupInstance (0ms)
			ReleaseScriptingObjects (0ms)
			CreateAndSetChildDomain (84ms)
		EndReloadAssembly (3418ms)
			LoadAssemblies (277ms)
			RebuildTransferFunctionScriptingTraits (0ms)
			SetupTypeCache (1022ms)
			ReleaseScriptCaches (1ms)
			RebuildScriptCaches (229ms)
			SetupLoadedEditorAssemblies (1525ms)
				LogAssemblyErrors (0ms)
				InitializePlatformSupportModulesInManaged (23ms)
				SetLoadedEditorAssemblies (1ms)
				RefreshPlugins (1ms)
				BeforeProcessingInitializeOnLoad (282ms)
				ProcessInitializeOnLoadAttributes (1186ms)
				ProcessInitializeOnLoadMethodAttributes (11ms)
				AfterProcessingInitializeOnLoad (19ms)
				EditorAssembliesLoaded (1ms)
			ExecutionOrderSort2 (0ms)
			AwakeInstancesAfterBackupRestoration (24ms)
Platform modules already initialized, skipping
Refreshing native plugins compatible for Editor in 0.73 ms, found 2 plugins.
Preloading 0 native plugins for Editor in 0.00 ms.
Unloading 1416 Unused Serialized files (Serialized files now loaded: 0)
System memory in use before: 65.4 MB.
System memory in use after: 65.5 MB.

Unloading 17 unused Assets to reduce memory usage. Loaded Objects now: 1859.
Total: 5.193956 ms (FindLiveObjects: 0.358356 ms CreateObjectMapping: 0.103644 ms MarkObjects: 4.548134 ms  DeleteObjects: 0.176489 ms)

AssetImportParameters requested are different than current active one (requested -> active):
  custom:framework-win-MediaFoundation: 216162199b28c13a410421893ffa2e32 -> 
  custom:video-decoder-ogg-theora: a1e56fd34408186e4bbccfd4996cb3dc -> 
  custom:container-muxer-webm: aa71ff27fc2769a1b78a27578f13a17b -> 
  custom:container-demuxer-webm: 4f35f7cbe854078d1ac9338744f61a02 -> 
  custom:container-demuxer-ogg: 62fdf1f143b41e24485cea50d1cbac27 -> 
  custom:video-encoder-webm-vp8: eb34c28f22e8b96e1ab97ce403110664 -> 
  custom:video-decoder-webm-vp8: 9c59270c3fd7afecdb556c50c9e8de78 -> 
  custom:audio-decoder-ogg-vorbis: bf7c407c2cedff20999df2af8eb42d56 -> 
  custom:audio-encoder-webm-vorbis: bf7c407c2cedff20999df2af8eb42d56 -> 
========================================================================
Received Import Request.
  Time since last request: 85.490184 seconds.
  path: Assets/Scenes/lvl 2.unity
  artifactKey: Guid(4b83de783a7e673469d79d5ccb245530) Importer(815301076,1909f56bfc062723c751e8b465ee728b)
Start importing Assets/Scenes/lvl 2.unity using Guid(4b83de783a7e673469d79d5ccb245530) Importer(815301076,1909f56bfc062723c751e8b465ee728b)  -> (artifact id: 'b153663c9c27a635f7c020439ce2b81e') in 0.046416 seconds 
  Import took 0.049918 seconds .

========================================================================
Received Import Request.
  Time since last request: 24.481699 seconds.
  path: Assets/Scenes/Level2.unity
  artifactKey: Guid(4b83de783a7e673469d79d5ccb245530) Importer(815301076,1909f56bfc062723c751e8b465ee728b)
Start importing Assets/Scenes/Level2.unity using Guid(4b83de783a7e673469d79d5ccb245530) Importer(815301076,1909f56bfc062723c751e8b465ee728b)  -> (artifact id: 'cf4ded02e276386cd23945f4e030cab8') in 0.038801 seconds 
  Import took 0.043552 seconds .

========================================================================
Received Import Request.
  Time since last request: 70.233882 seconds.
  path: Assets/Prefab/GameManager.prefab
  artifactKey: Guid(f84aa156e5db8d0478b36fa09a1efe20) Importer(815301076,1909f56bfc062723c751e8b465ee728b)
Start importing Assets/Prefab/GameManager.prefab using Guid(f84aa156e5db8d0478b36fa09a1efe20) Importer(815301076,1909f56bfc062723c751e8b465ee728b)  -> (artifact id: 'eaf578f50dfba048083400504231b233') in 0.056901 seconds 
  Import took 0.060825 seconds .

========================================================================
Received Import Request.
  Time since last request: 2.532762 seconds.
  path: Assets/Prefabs
  artifactKey: Guid(a81ad573ff4b57a468e08445c1f904fa) Importer(815301076,1909f56bfc062723c751e8b465ee728b)
Start importing Assets/Prefabs using Guid(a81ad573ff4b57a468e08445c1f904fa) Importer(815301076,1909f56bfc062723c751e8b465ee728b)  -> (artifact id: '7a1c679e5d9d72abb05ae61fe0b4f61f') in 0.031027 seconds 
  Import took 0.035510 seconds .

========================================================================
Received Import Request.
  Time since last request: 7.932378 seconds.
  path: Assets/Prefabs/Characters
  artifactKey: Guid(73a69146dfc2456408258d2cf6e38bb6) Importer(815301076,1909f56bfc062723c751e8b465ee728b)
Start importing Assets/Prefabs/Characters using Guid(73a69146dfc2456408258d2cf6e38bb6) Importer(815301076,1909f56bfc062723c751e8b465ee728b)  -> (artifact id: '5f5bd38f6e593abcfc836b9d62d81aea') in 0.026801 seconds 
  Import took 0.032784 seconds .

========================================================================
Received Import Request.
  Time since last request: 0.000924 seconds.
  path: Assets/Prefabs/Characters
  artifactKey: Guid(73a69146dfc2456408258d2cf6e38bb6) Importer(815301076,1909f56bfc062723c751e8b465ee728b)
Start importing Assets/Prefabs/Characters using Guid(73a69146dfc2456408258d2cf6e38bb6) Importer(815301076,1909f56bfc062723c751e8b465ee728b)  -> (artifact id: '5f5bd38f6e593abcfc836b9d62d81aea') in 0.008543 seconds 
  Import took 0.012419 seconds .

========================================================================
Received Import Request.
  Time since last request: 7.165529 seconds.
  path: Assets/Prefabs/Characters/Grifo.prefab
  artifactKey: Guid(114e4a50dcfdb25429d2d30c49d184fd) Importer(815301076,1909f56bfc062723c751e8b465ee728b)
Start importing Assets/Prefabs/Characters/Grifo.prefab using Guid(114e4a50dcfdb25429d2d30c49d184fd) Importer(815301076,1909f56bfc062723c751e8b465ee728b)  -> (artifact id: '5f4bb9b4454a1a9efb2dc75e636b6b08') in 0.291908 seconds 
  Import took 0.303939 seconds .

========================================================================
Received Import Request.
  Time since last request: 299.927984 seconds.
  path: Assets/Scripts/GameManager.cs
  artifactKey: Guid(e0e548186efdfe94d9908a6b0f125907) Importer(815301076,1909f56bfc062723c751e8b465ee728b)
Start importing Assets/Scripts/GameManager.cs using Guid(e0e548186efdfe94d9908a6b0f125907) Importer(815301076,1909f56bfc062723c751e8b465ee728b)  -> (artifact id: 'f9166dc8762f6f4c5c28edf18df8b9f2') in 0.028050 seconds 
  Import took 0.034247 seconds .

========================================================================
Received Prepare
Registering precompiled user dll's ...
Registered in 0.033809 seconds.
Begin MonoManager ReloadAssembly
Native extension for WindowsStandalone target not found
Refreshing native plugins compatible for Editor in 0.67 ms, found 2 plugins.
Preloading 0 native plugins for Editor in 0.00 ms.
Mono: successfully reloaded assembly
- Completed reload, in  4.389 seconds
Domain Reload Profiling:
	ReloadAssembly (4390ms)
		BeginReloadAssembly (428ms)
			ExecutionOrderSort (0ms)
			DisableScriptedObjects (31ms)
			BackupInstance (0ms)
			ReleaseScriptingObjects (0ms)
			CreateAndSetChildDomain (115ms)
		EndReloadAssembly (3716ms)
			LoadAssemblies (445ms)
			RebuildTransferFunctionScriptingTraits (0ms)
			SetupTypeCache (981ms)
			ReleaseScriptCaches (1ms)
			RebuildScriptCaches (154ms)
			SetupLoadedEditorAssemblies (1828ms)
				LogAssemblyErrors (0ms)
				InitializePlatformSupportModulesInManaged (22ms)
				SetLoadedEditorAssemblies (1ms)
				RefreshPlugins (1ms)
				BeforeProcessingInitializeOnLoad (330ms)
				ProcessInitializeOnLoadAttributes (1421ms)
				ProcessInitializeOnLoadMethodAttributes (20ms)
				AfterProcessingInitializeOnLoad (31ms)
				EditorAssembliesLoaded (1ms)
			ExecutionOrderSort2 (0ms)
			AwakeInstancesAfterBackupRestoration (24ms)
Platform modules already initialized, skipping
Refreshing native plugins compatible for Editor in 0.53 ms, found 2 plugins.
Preloading 0 native plugins for Editor in 0.00 ms.
Unloading 1416 Unused Serialized files (Serialized files now loaded: 0)
System memory in use before: 68.5 MB.
System memory in use after: 68.6 MB.

Unloading 13 unused Assets to reduce memory usage. Loaded Objects now: 1868.
Total: 4.877645 ms (FindLiveObjects: 0.412133 ms CreateObjectMapping: 0.077733 ms MarkObjects: 4.343289 ms  DeleteObjects: 0.037156 ms)

AssetImportParameters requested are different than current active one (requested -> active):
  custom:framework-win-MediaFoundation: 216162199b28c13a410421893ffa2e32 -> 
  custom:video-decoder-ogg-theora: a1e56fd34408186e4bbccfd4996cb3dc -> 
  custom:container-muxer-webm: aa71ff27fc2769a1b78a27578f13a17b -> 
  custom:container-demuxer-webm: 4f35f7cbe854078d1ac9338744f61a02 -> 
  custom:container-demuxer-ogg: 62fdf1f143b41e24485cea50d1cbac27 -> 
  custom:video-encoder-webm-vp8: eb34c28f22e8b96e1ab97ce403110664 -> 
  custom:video-decoder-webm-vp8: 9c59270c3fd7afecdb556c50c9e8de78 -> 
  custom:audio-decoder-ogg-vorbis: bf7c407c2cedff20999df2af8eb42d56 -> 
  custom:audio-encoder-webm-vorbis: bf7c407c2cedff20999df2af8eb42d56 -> 
========================================================================
Received Import Request.
  Time since last request: 7491.068590 seconds.
  path: Assets/Scripts/Combat
  artifactKey: Guid(825f82c669251504d82f80b8e502e237) Importer(815301076,1909f56bfc062723c751e8b465ee728b)
Start importing Assets/Scripts/Combat using Guid(825f82c669251504d82f80b8e502e237) Importer(815301076,1909f56bfc062723c751e8b465ee728b)  -> (artifact id: '236531b1bcea4b5f08cdd2c3f9d863ef') in 0.271519 seconds 
  Import took 0.424432 seconds .

========================================================================
Received Import Request.
  Time since last request: 0.366214 seconds.
  path: Assets/Scripts/Combat/CombatManager.cs
  artifactKey: Guid(36ceaff26f6ba284dadb1c108b81f897) Importer(815301076,1909f56bfc062723c751e8b465ee728b)
Start importing Assets/Scripts/Combat/CombatManager.cs using Guid(36ceaff26f6ba284dadb1c108b81f897) Importer(815301076,1909f56bfc062723c751e8b465ee728b)  -> (artifact id: 'deaed87d233800b3b3ed843254a866e2') in 0.014523 seconds 
  Import took 0.018932 seconds .

========================================================================
Received Import Request.
  Time since last request: 0.019179 seconds.
  path: Assets/Scripts/Combat/CombatManager.cs
  artifactKey: Guid(36ceaff26f6ba284dadb1c108b81f897) Importer(815301076,1909f56bfc062723c751e8b465ee728b)
Start importing Assets/Scripts/Combat/CombatManager.cs using Guid(36ceaff26f6ba284dadb1c108b81f897) Importer(815301076,1909f56bfc062723c751e8b465ee728b)  -> (artifact id: 'deaed87d233800b3b3ed843254a866e2') in 0.008706 seconds 
  Import took 0.013110 seconds .

========================================================================
Received Import Request.
  Time since last request: 81.197516 seconds.
  path: Assets/Scripts/Combat/CombatManager.cs
  artifactKey: Guid(36ceaff26f6ba284dadb1c108b81f897) Importer(815301076,1909f56bfc062723c751e8b465ee728b)
Start importing Assets/Scripts/Combat/CombatManager.cs using Guid(36ceaff26f6ba284dadb1c108b81f897) Importer(815301076,1909f56bfc062723c751e8b465ee728b)  -> (artifact id: 'f3b4548a302d529d83ab90e143d9e6e9') in 0.016411 seconds 
  Import took 0.025052 seconds .

========================================================================
Received Prepare
Registering precompiled user dll's ...
Registered in 0.015053 seconds.
Begin MonoManager ReloadAssembly
Native extension for WindowsStandalone target not found
Refreshing native plugins compatible for Editor in 0.58 ms, found 2 plugins.
Preloading 0 native plugins for Editor in 0.00 ms.
Mono: successfully reloaded assembly
- Completed reload, in  2.492 seconds
Domain Reload Profiling:
	ReloadAssembly (2498ms)
		BeginReloadAssembly (400ms)
			ExecutionOrderSort (0ms)
			DisableScriptedObjects (35ms)
			BackupInstance (0ms)
			ReleaseScriptingObjects (0ms)
			CreateAndSetChildDomain (176ms)
		EndReloadAssembly (1951ms)
			LoadAssemblies (225ms)
			RebuildTransferFunctionScriptingTraits (0ms)
			SetupTypeCache (570ms)
			ReleaseScriptCaches (1ms)
			RebuildScriptCaches (89ms)
			SetupLoadedEditorAssemblies (871ms)
				LogAssemblyErrors (0ms)
				InitializePlatformSupportModulesInManaged (13ms)
				SetLoadedEditorAssemblies (2ms)
				RefreshPlugins (1ms)
				BeforeProcessingInitializeOnLoad (166ms)
				ProcessInitializeOnLoadAttributes (665ms)
				ProcessInitializeOnLoadMethodAttributes (9ms)
				AfterProcessingInitializeOnLoad (13ms)
				EditorAssembliesLoaded (1ms)
			ExecutionOrderSort2 (0ms)
			AwakeInstancesAfterBackupRestoration (17ms)
Platform modules already initialized, skipping
Refreshing native plugins compatible for Editor in 0.58 ms, found 2 plugins.
Preloading 0 native plugins for Editor in 0.00 ms.
Unloading 1416 Unused Serialized files (Serialized files now loaded: 0)
System memory in use before: 68.6 MB.
System memory in use after: 68.7 MB.

Unloading 13 unused Assets to reduce memory usage. Loaded Objects now: 1870.
Total: 4.887912 ms (FindLiveObjects: 0.359822 ms CreateObjectMapping: 0.077244 ms MarkObjects: 4.406356 ms  DeleteObjects: 0.036667 ms)

AssetImportParameters requested are different than current active one (requested -> active):
  custom:framework-win-MediaFoundation: 216162199b28c13a410421893ffa2e32 -> 
  custom:video-decoder-ogg-theora: a1e56fd34408186e4bbccfd4996cb3dc -> 
  custom:container-muxer-webm: aa71ff27fc2769a1b78a27578f13a17b -> 
  custom:container-demuxer-webm: 4f35f7cbe854078d1ac9338744f61a02 -> 
  custom:container-demuxer-ogg: 62fdf1f143b41e24485cea50d1cbac27 -> 
  custom:video-encoder-webm-vp8: eb34c28f22e8b96e1ab97ce403110664 -> 
  custom:video-decoder-webm-vp8: 9c59270c3fd7afecdb556c50c9e8de78 -> 
  custom:audio-decoder-ogg-vorbis: bf7c407c2cedff20999df2af8eb42d56 -> 
  custom:audio-encoder-webm-vorbis: bf7c407c2cedff20999df2af8eb42d56 -> 
========================================================================
Received Prepare
Registering precompiled user dll's ...
Registered in 0.007574 seconds.
Begin MonoManager ReloadAssembly
Native extension for WindowsStandalone target not found
Refreshing native plugins compatible for Editor in 0.60 ms, found 2 plugins.
Preloading 0 native plugins for Editor in 0.00 ms.
Mono: successfully reloaded assembly
- Completed reload, in  2.725 seconds
Domain Reload Profiling:
	ReloadAssembly (2725ms)
		BeginReloadAssembly (365ms)
			ExecutionOrderSort (0ms)
			DisableScriptedObjects (14ms)
			BackupInstance (0ms)
			ReleaseScriptingObjects (0ms)
			CreateAndSetChildDomain (77ms)
		EndReloadAssembly (2179ms)
			LoadAssemblies (392ms)
			RebuildTransferFunctionScriptingTraits (0ms)
			SetupTypeCache (559ms)
			ReleaseScriptCaches (1ms)
			RebuildScriptCaches (83ms)
			SetupLoadedEditorAssemblies (1056ms)
				LogAssemblyErrors (0ms)
				InitializePlatformSupportModulesInManaged (13ms)
				SetLoadedEditorAssemblies (1ms)
				RefreshPlugins (1ms)
				BeforeProcessingInitializeOnLoad (327ms)
				ProcessInitializeOnLoadAttributes (689ms)
				ProcessInitializeOnLoadMethodAttributes (11ms)
				AfterProcessingInitializeOnLoad (14ms)
				EditorAssembliesLoaded (1ms)
			ExecutionOrderSort2 (0ms)
			AwakeInstancesAfterBackupRestoration (22ms)
Platform modules already initialized, skipping
Refreshing native plugins compatible for Editor in 0.54 ms, found 2 plugins.
Preloading 0 native plugins for Editor in 0.00 ms.
Unloading 1416 Unused Serialized files (Serialized files now loaded: 0)
System memory in use before: 68.6 MB.
System memory in use after: 68.7 MB.

Unloading 13 unused Assets to reduce memory usage. Loaded Objects now: 1872.
Total: 4.299289 ms (FindLiveObjects: 0.289911 ms CreateObjectMapping: 0.068933 ms MarkObjects: 3.903778 ms  DeleteObjects: 0.030311 ms)

AssetImportParameters requested are different than current active one (requested -> active):
  custom:framework-win-MediaFoundation: 216162199b28c13a410421893ffa2e32 -> 
  custom:video-decoder-ogg-theora: a1e56fd34408186e4bbccfd4996cb3dc -> 
  custom:container-muxer-webm: aa71ff27fc2769a1b78a27578f13a17b -> 
  custom:container-demuxer-webm: 4f35f7cbe854078d1ac9338744f61a02 -> 
  custom:container-demuxer-ogg: 62fdf1f143b41e24485cea50d1cbac27 -> 
  custom:video-encoder-webm-vp8: eb34c28f22e8b96e1ab97ce403110664 -> 
  custom:video-decoder-webm-vp8: 9c59270c3fd7afecdb556c50c9e8de78 -> 
  custom:audio-decoder-ogg-vorbis: bf7c407c2cedff20999df2af8eb42d56 -> 
  custom:audio-encoder-webm-vorbis: bf7c407c2cedff20999df2af8eb42d56 -> 
========================================================================
Received Import Request.
  Time since last request: 356.938411 seconds.
  path: Assets/Scenes/Level2.unity
  artifactKey: Guid(4b83de783a7e673469d79d5ccb245530) Importer(815301076,1909f56bfc062723c751e8b465ee728b)
Start importing Assets/Scenes/Level2.unity using Guid(4b83de783a7e673469d79d5ccb245530) Importer(815301076,1909f56bfc062723c751e8b465ee728b)  -> (artifact id: '4350a755d9b6b1c856d4395cbd707bf8') in 0.045365 seconds 
  Import took 0.050240 seconds .

========================================================================
Received Prepare
Registering precompiled user dll's ...
Registered in 0.011811 seconds.
Begin MonoManager ReloadAssembly
Native extension for WindowsStandalone target not found
Refreshing native plugins compatible for Editor in 0.52 ms, found 2 plugins.
Preloading 0 native plugins for Editor in 0.00 ms.
Mono: successfully reloaded assembly
- Completed reload, in  2.429 seconds
Domain Reload Profiling:
	ReloadAssembly (2430ms)
		BeginReloadAssembly (252ms)
			ExecutionOrderSort (0ms)
			DisableScriptedObjects (14ms)
			BackupInstance (0ms)
			ReleaseScriptingObjects (0ms)
			CreateAndSetChildDomain (61ms)
		EndReloadAssembly (2014ms)
			LoadAssemblies (218ms)
			RebuildTransferFunctionScriptingTraits (0ms)
			SetupTypeCache (599ms)
			ReleaseScriptCaches (2ms)
			RebuildScriptCaches (92ms)
			SetupLoadedEditorAssemblies (927ms)
				LogAssemblyErrors (0ms)
				InitializePlatformSupportModulesInManaged (13ms)
				SetLoadedEditorAssemblies (1ms)
				RefreshPlugins (1ms)
				BeforeProcessingInitializeOnLoad (173ms)
				ProcessInitializeOnLoadAttributes (707ms)
				ProcessInitializeOnLoadMethodAttributes (13ms)
				AfterProcessingInitializeOnLoad (18ms)
				EditorAssembliesLoaded (1ms)
			ExecutionOrderSort2 (0ms)
			AwakeInstancesAfterBackupRestoration (20ms)
Platform modules already initialized, skipping
Refreshing native plugins compatible for Editor in 0.54 ms, found 2 plugins.
Preloading 0 native plugins for Editor in 0.00 ms.
Unloading 1416 Unused Serialized files (Serialized files now loaded: 0)
System memory in use before: 68.6 MB.
System memory in use after: 68.7 MB.

Unloading 13 unused Assets to reduce memory usage. Loaded Objects now: 1874.
Total: 4.956845 ms (FindLiveObjects: 0.291378 ms CreateObjectMapping: 0.070400 ms MarkObjects: 4.463556 ms  DeleteObjects: 0.124178 ms)

AssetImportParameters requested are different than current active one (requested -> active):
  custom:framework-win-MediaFoundation: 216162199b28c13a410421893ffa2e32 -> 
  custom:video-decoder-ogg-theora: a1e56fd34408186e4bbccfd4996cb3dc -> 
  custom:container-muxer-webm: aa71ff27fc2769a1b78a27578f13a17b -> 
  custom:container-demuxer-webm: 4f35f7cbe854078d1ac9338744f61a02 -> 
  custom:container-demuxer-ogg: 62fdf1f143b41e24485cea50d1cbac27 -> 
  custom:video-encoder-webm-vp8: eb34c28f22e8b96e1ab97ce403110664 -> 
  custom:video-decoder-webm-vp8: 9c59270c3fd7afecdb556c50c9e8de78 -> 
  custom:audio-decoder-ogg-vorbis: bf7c407c2cedff20999df2af8eb42d56 -> 
  custom:audio-encoder-webm-vorbis: bf7c407c2cedff20999df2af8eb42d56 -> 
========================================================================
Received Import Request.
  Time since last request: 134.007984 seconds.
  path: Assets/Scenes/Level2 1.unity
  artifactKey: Guid(1ab06372aec571646afdfc9a6e10e09a) Importer(815301076,1909f56bfc062723c751e8b465ee728b)
Start importing Assets/Scenes/Level2 1.unity using Guid(1ab06372aec571646afdfc9a6e10e09a) Importer(815301076,1909f56bfc062723c751e8b465ee728b)  -> (artifact id: 'ef0778fe4df058b535bc24abab93c524') in 0.034653 seconds 
  Import took 0.038127 seconds .

========================================================================
Received Import Request.
  Time since last request: 4.660314 seconds.
  path: Assets/Scenes/Level3.unity
  artifactKey: Guid(1ab06372aec571646afdfc9a6e10e09a) Importer(815301076,1909f56bfc062723c751e8b465ee728b)
Start importing Assets/Scenes/Level3.unity using Guid(1ab06372aec571646afdfc9a6e10e09a) Importer(815301076,1909f56bfc062723c751e8b465ee728b)  -> (artifact id: '1c708e7aeb4bd1d0356f4a9e445c9f21') in 0.015918 seconds 
  Import took 0.020308 seconds .

========================================================================
Received Import Request.
  Time since last request: 25.279406 seconds.
  path: Assets/Scenes/Level2 1.unity
  artifactKey: Guid(966b7c72f684afc409b27f43e5b22fd7) Importer(815301076,1909f56bfc062723c751e8b465ee728b)
Start importing Assets/Scenes/Level2 1.unity using Guid(966b7c72f684afc409b27f43e5b22fd7) Importer(815301076,1909f56bfc062723c751e8b465ee728b)  -> (artifact id: '8549146ddd83c802cd75bdc3bcc8e3ed') in 0.009231 seconds 
  Import took 0.015609 seconds .

========================================================================
Received Import Request.
  Time since last request: 5.631217 seconds.
  path: Assets/Scenes/Level4.unity
  artifactKey: Guid(966b7c72f684afc409b27f43e5b22fd7) Importer(815301076,1909f56bfc062723c751e8b465ee728b)
Start importing Assets/Scenes/Level4.unity using Guid(966b7c72f684afc409b27f43e5b22fd7) Importer(815301076,1909f56bfc062723c751e8b465ee728b)  -> (artifact id: 'd9129f19c67f873ed57b2a83ddf179cc') in 0.019085 seconds 
  Import took 0.023899 seconds .

========================================================================
Received Import Request.
  Time since last request: 28.573376 seconds.
  path: Assets/Scenes/Level2 1.unity
  artifactKey: Guid(9599c059492ce0c48affc58ca5f6d116) Importer(815301076,1909f56bfc062723c751e8b465ee728b)
Start importing Assets/Scenes/Level2 1.unity using Guid(9599c059492ce0c48affc58ca5f6d116) Importer(815301076,1909f56bfc062723c751e8b465ee728b)  -> (artifact id: '2ea5fecb3bb25410c7b2de641f347c4d') in 0.011706 seconds 
  Import took 0.016111 seconds .

========================================================================
Received Import Request.
  Time since last request: 4.480596 seconds.
  path: Assets/Scenes/Level5.unity
  artifactKey: Guid(9599c059492ce0c48affc58ca5f6d116) Importer(815301076,1909f56bfc062723c751e8b465ee728b)
Start importing Assets/Scenes/Level5.unity using Guid(9599c059492ce0c48affc58ca5f6d116) Importer(815301076,1909f56bfc062723c751e8b465ee728b)  -> (artifact id: '183bec3792782b58de15c85ca8133052') in 0.017028 seconds 
  Import took 0.030170 seconds .

========================================================================
Received Prepare
Registering precompiled user dll's ...
Registered in 0.009179 seconds.
Begin MonoManager ReloadAssembly
Native extension for WindowsStandalone target not found
Refreshing native plugins compatible for Editor in 0.61 ms, found 2 plugins.
Preloading 0 native plugins for Editor in 0.00 ms.
Mono: successfully reloaded assembly
- Completed reload, in  2.536 seconds
Domain Reload Profiling:
	ReloadAssembly (2537ms)
		BeginReloadAssembly (292ms)
			ExecutionOrderSort (0ms)
			DisableScriptedObjects (11ms)
			BackupInstance (0ms)
			ReleaseScriptingObjects (0ms)
			CreateAndSetChildDomain (85ms)
		EndReloadAssembly (2094ms)
			LoadAssemblies (246ms)
			RebuildTransferFunctionScriptingTraits (0ms)
			SetupTypeCache (629ms)
			ReleaseScriptCaches (1ms)
			RebuildScriptCaches (85ms)
			SetupLoadedEditorAssemblies (936ms)
				LogAssemblyErrors (0ms)
				InitializePlatformSupportModulesInManaged (13ms)
				SetLoadedEditorAssemblies (1ms)
				RefreshPlugins (1ms)
				BeforeProcessingInitializeOnLoad (197ms)
				ProcessInitializeOnLoadAttributes (695ms)
				ProcessInitializeOnLoadMethodAttributes (11ms)
				AfterProcessingInitializeOnLoad (18ms)
				EditorAssembliesLoaded (1ms)
			ExecutionOrderSort2 (0ms)
			AwakeInstancesAfterBackupRestoration (21ms)
Platform modules already initialized, skipping
Refreshing native plugins compatible for Editor in 0.68 ms, found 2 plugins.
Preloading 0 native plugins for Editor in 0.00 ms.
Unloading 1416 Unused Serialized files (Serialized files now loaded: 0)
System memory in use before: 68.6 MB.
System memory in use after: 68.7 MB.

Unloading 13 unused Assets to reduce memory usage. Loaded Objects now: 1876.
Total: 8.117512 ms (FindLiveObjects: 0.284533 ms CreateObjectMapping: 0.066978 ms MarkObjects: 6.096934 ms  DeleteObjects: 1.662222 ms)

AssetImportParameters requested are different than current active one (requested -> active):
  custom:framework-win-MediaFoundation: 216162199b28c13a410421893ffa2e32 -> 
  custom:video-decoder-ogg-theora: a1e56fd34408186e4bbccfd4996cb3dc -> 
  custom:container-muxer-webm: aa71ff27fc2769a1b78a27578f13a17b -> 
  custom:container-demuxer-webm: 4f35f7cbe854078d1ac9338744f61a02 -> 
  custom:container-demuxer-ogg: 62fdf1f143b41e24485cea50d1cbac27 -> 
  custom:video-encoder-webm-vp8: eb34c28f22e8b96e1ab97ce403110664 -> 
  custom:video-decoder-webm-vp8: 9c59270c3fd7afecdb556c50c9e8de78 -> 
  custom:audio-decoder-ogg-vorbis: bf7c407c2cedff20999df2af8eb42d56 -> 
  custom:audio-encoder-webm-vorbis: bf7c407c2cedff20999df2af8eb42d56 -> 
========================================================================
Received Prepare
Registering precompiled user dll's ...
Registered in 0.008555 seconds.
Begin MonoManager ReloadAssembly
Native extension for WindowsStandalone target not found
Refreshing native plugins compatible for Editor in 0.88 ms, found 2 plugins.
Preloading 0 native plugins for Editor in 0.00 ms.
Mono: successfully reloaded assembly
- Completed reload, in  2.321 seconds
Domain Reload Profiling:
	ReloadAssembly (2322ms)
		BeginReloadAssembly (257ms)
			ExecutionOrderSort (0ms)
			DisableScriptedObjects (12ms)
			BackupInstance (0ms)
			ReleaseScriptingObjects (0ms)
			CreateAndSetChildDomain (68ms)
		EndReloadAssembly (1921ms)
			LoadAssemblies (223ms)
			RebuildTransferFunctionScriptingTraits (0ms)
			SetupTypeCache (563ms)
			ReleaseScriptCaches (1ms)
			RebuildScriptCaches (86ms)
			SetupLoadedEditorAssemblies (878ms)
				LogAssemblyErrors (0ms)
				InitializePlatformSupportModulesInManaged (15ms)
				SetLoadedEditorAssemblies (1ms)
				RefreshPlugins (1ms)
				BeforeProcessingInitializeOnLoad (178ms)
				ProcessInitializeOnLoadAttributes (657ms)
				ProcessInitializeOnLoadMethodAttributes (11ms)
				AfterProcessingInitializeOnLoad (13ms)
				EditorAssembliesLoaded (1ms)
			ExecutionOrderSort2 (0ms)
			AwakeInstancesAfterBackupRestoration (16ms)
Platform modules already initialized, skipping
Refreshing native plugins compatible for Editor in 0.60 ms, found 2 plugins.
Preloading 0 native plugins for Editor in 0.00 ms.
Unloading 1416 Unused Serialized files (Serialized files now loaded: 0)
System memory in use before: 68.6 MB.
System memory in use after: 68.7 MB.

Unloading 13 unused Assets to reduce memory usage. Loaded Objects now: 1878.
Total: 4.592134 ms (FindLiveObjects: 0.331467 ms CreateObjectMapping: 0.070400 ms MarkObjects: 4.149689 ms  DeleteObjects: 0.032267 ms)

AssetImportParameters requested are different than current active one (requested -> active):
  custom:framework-win-MediaFoundation: 216162199b28c13a410421893ffa2e32 -> 
  custom:video-decoder-ogg-theora: a1e56fd34408186e4bbccfd4996cb3dc -> 
  custom:container-muxer-webm: aa71ff27fc2769a1b78a27578f13a17b -> 
  custom:container-demuxer-webm: 4f35f7cbe854078d1ac9338744f61a02 -> 
  custom:container-demuxer-ogg: 62fdf1f143b41e24485cea50d1cbac27 -> 
  custom:video-encoder-webm-vp8: eb34c28f22e8b96e1ab97ce403110664 -> 
  custom:video-decoder-webm-vp8: 9c59270c3fd7afecdb556c50c9e8de78 -> 
  custom:audio-decoder-ogg-vorbis: bf7c407c2cedff20999df2af8eb42d56 -> 
  custom:audio-encoder-webm-vorbis: bf7c407c2cedff20999df2af8eb42d56 -> 
========================================================================
Received Import Request.
  Time since last request: 1817.082468 seconds.
  path: Assets/Images/Characters
  artifactKey: Guid(977bab4fde388b44c87143af1f7b2978) Importer(815301076,1909f56bfc062723c751e8b465ee728b)
Start importing Assets/Images/Characters using Guid(977bab4fde388b44c87143af1f7b2978) Importer(815301076,1909f56bfc062723c751e8b465ee728b)  -> (artifact id: '8af19ee6e0eda1ddc99822f1050781d4') in 0.020655 seconds 
  Import took 0.026357 seconds .

========================================================================
Received Import Request.
  Time since last request: 0.006867 seconds.
  path: Assets/Images/Characters/Apep mini.png
  artifactKey: Guid(09ccd22e3e90e95459d26edb82e00f3b) Importer(815301076,1909f56bfc062723c751e8b465ee728b)
Start importing Assets/Images/Characters/Apep mini.png using Guid(09ccd22e3e90e95459d26edb82e00f3b) Importer(815301076,1909f56bfc062723c751e8b465ee728b)  -> (artifact id: '37f34730bf76844e02d7fd74159f3339') in 0.233710 seconds 
  Import took 0.239163 seconds .

========================================================================
Received Import Request.
  Time since last request: 0.000298 seconds.
  path: Assets/Images/Characters/Ra.png
  artifactKey: Guid(2be4410bc63250443b27062c1e7f5452) Importer(815301076,1909f56bfc062723c751e8b465ee728b)
Start importing Assets/Images/Characters/Ra.png using Guid(2be4410bc63250443b27062c1e7f5452) Importer(815301076,1909f56bfc062723c751e8b465ee728b)  -> (artifact id: 'e05c09702811eb1066b43344b7701b8b') in 0.057286 seconds 
  Import took 0.062766 seconds .

========================================================================
Received Import Request.
  Time since last request: 0.000397 seconds.
  path: Assets/Images/Characters/Prota magic.png
  artifactKey: Guid(7fef943699169ec4f9edcfef6bd10ab7) Importer(815301076,1909f56bfc062723c751e8b465ee728b)
Start importing Assets/Images/Characters/Prota magic.png using Guid(7fef943699169ec4f9edcfef6bd10ab7) Importer(815301076,1909f56bfc062723c751e8b465ee728b)  -> (artifact id: '1eeedaa354456b010b87d4ec044ffbe3') in 0.080615 seconds 
  Import took 0.087847 seconds .

========================================================================
Received Import Request.
  Time since last request: 0.000382 seconds.
  path: Assets/Images/Characters/Serpard.png
  artifactKey: Guid(0559170e650c0314da9fe4764e23e8b6) Importer(815301076,1909f56bfc062723c751e8b465ee728b)
Start importing Assets/Images/Characters/Serpard.png using Guid(0559170e650c0314da9fe4764e23e8b6) Importer(815301076,1909f56bfc062723c751e8b465ee728b)  -> (artifact id: '5cb683fc1e01c53350390860d71f88a2') in 0.059722 seconds 
  Import took 0.064496 seconds .

========================================================================
Received Import Request.
  Time since last request: 0.000383 seconds.
  path: Assets/Images/Characters/Prota sword.png
  artifactKey: Guid(0b733f28701787c45bbb31ff9716a059) Importer(815301076,1909f56bfc062723c751e8b465ee728b)
Start importing Assets/Images/Characters/Prota sword.png using Guid(0b733f28701787c45bbb31ff9716a059) Importer(815301076,1909f56bfc062723c751e8b465ee728b)  -> (artifact id: 'e471c1dfeb5845cfca385f299e2ad014') in 0.050146 seconds 
  Import took 0.055310 seconds .

========================================================================
Received Import Request.
  Time since last request: 0.000302 seconds.
  path: Assets/Images/Characters/Sphinx.png
  artifactKey: Guid(72d3db7fb43cc0b4894af4fa17f73fb9) Importer(815301076,1909f56bfc062723c751e8b465ee728b)
Start importing Assets/Images/Characters/Sphinx.png using Guid(72d3db7fb43cc0b4894af4fa17f73fb9) Importer(815301076,1909f56bfc062723c751e8b465ee728b)  -> (artifact id: '7ec6101903ce2fa0adf5569f80eafc9b') in 0.052342 seconds 
  Import took 0.058140 seconds .

========================================================================
Received Import Request.
  Time since last request: 0.000743 seconds.
  path: Assets/Images/Characters/Griffin.png
  artifactKey: Guid(349d71120853ea742ae250adfb4688ea) Importer(815301076,1909f56bfc062723c751e8b465ee728b)
Start importing Assets/Images/Characters/Griffin.png using Guid(349d71120853ea742ae250adfb4688ea) Importer(815301076,1909f56bfc062723c751e8b465ee728b)  -> (artifact id: 'e554e36c9d11322b9cad21b8d250631d') in 0.054377 seconds 
  Import took 0.059386 seconds .

========================================================================
Received Import Request.
  Time since last request: 0.001802 seconds.
  path: Assets/Images/Characters/Apep.png
  artifactKey: Guid(f51413e2eb8382f41ad3893cb948e6b4) Importer(815301076,1909f56bfc062723c751e8b465ee728b)
Start importing Assets/Images/Characters/Apep.png using Guid(f51413e2eb8382f41ad3893cb948e6b4) Importer(815301076,1909f56bfc062723c751e8b465ee728b)  -> (artifact id: 'f9291783bc73532af4ca20faa962389b') in 0.059963 seconds 
  Import took 0.065020 seconds .

========================================================================
Received Import Request.
  Time since last request: 18.382083 seconds.
  path: Assets/Images/Characters/Apep.png
  artifactKey: Guid(f51413e2eb8382f41ad3893cb948e6b4) Importer(815301076,1909f56bfc062723c751e8b465ee728b)
Start importing Assets/Images/Characters/Apep.png using Guid(f51413e2eb8382f41ad3893cb948e6b4) Importer(815301076,1909f56bfc062723c751e8b465ee728b)  -> (artifact id: 'a6b6f72115393b2b9ba25065c15259c7') in 0.044991 seconds 
  Import took 0.049817 seconds .

========================================================================
Received Import Request.
  Time since last request: 49.977831 seconds.
  path: Assets/Sprites/test_sprites.png
  artifactKey: Guid(162f98077012cc049a9541cdc31c457b) Importer(815301076,1909f56bfc062723c751e8b465ee728b)
Start importing Assets/Sprites/test_sprites.png using Guid(162f98077012cc049a9541cdc31c457b) Importer(815301076,1909f56bfc062723c751e8b465ee728b)  -> (artifact id: '773199cfe7bc13f61502a4b1c68f9e7d') in 0.133189 seconds 
  Import took 0.137495 seconds .

========================================================================
Received Import Request.
  Time since last request: 0.000294 seconds.
  path: Assets/Images/Scenario/desert-5112222.png
  artifactKey: Guid(ad3aca8f0cfe50b4aa5cba6785c56ad2) Importer(815301076,1909f56bfc062723c751e8b465ee728b)
Start importing Assets/Images/Scenario/desert-5112222.png using Guid(ad3aca8f0cfe50b4aa5cba6785c56ad2) Importer(815301076,1909f56bfc062723c751e8b465ee728b)  -> (artifact id: '5ace806394be4062d021f4e97aae5c37') in 0.119526 seconds 
  Import took 0.123412 seconds .

========================================================================
Received Import Request.
  Time since last request: 0.004201 seconds.
  path: Assets/Images/Scenario/desert-5112222.png
  artifactKey: Guid(ad3aca8f0cfe50b4aa5cba6785c56ad2) Importer(815301076,1909f56bfc062723c751e8b465ee728b)
Start importing Assets/Images/Scenario/desert-5112222.png using Guid(ad3aca8f0cfe50b4aa5cba6785c56ad2) Importer(815301076,1909f56bfc062723c751e8b465ee728b)  -> (artifact id: '5ace806394be4062d021f4e97aae5c37') in 0.052434 seconds 
  Import took 0.056854 seconds .

========================================================================
Received Import Request.
  Time since last request: 196.314514 seconds.
  path: Assets/Prefabs/Effects/HeadButtEffect.prefab
  artifactKey: Guid(189f34a6a4e421541825c7a5adf319d8) Importer(815301076,1909f56bfc062723c751e8b465ee728b)
Start importing Assets/Prefabs/Effects/HeadButtEffect.prefab using Guid(189f34a6a4e421541825c7a5adf319d8) Importer(815301076,1909f56bfc062723c751e8b465ee728b)  -> (artifact id: 'f55d9c2488bbd06aac648363404affd9') in 0.108604 seconds 
  Import took 0.113351 seconds .

========================================================================
Received Import Request.
  Time since last request: 0.000318 seconds.
  path: Assets/Prefabs/Effects/ParalizeEffect.prefab
  artifactKey: Guid(bc837f362e5a1e849befffde07b0c985) Importer(815301076,1909f56bfc062723c751e8b465ee728b)
Start importing Assets/Prefabs/Effects/ParalizeEffect.prefab using Guid(bc837f362e5a1e849befffde07b0c985) Importer(815301076,1909f56bfc062723c751e8b465ee728b)  -> (artifact id: '055ba1d56cda409be778fad861a52dd6') in 0.061225 seconds 
  Import took 0.065903 seconds .

========================================================================
Received Import Request.
  Time since last request: 0.000385 seconds.
  path: Assets/Prefabs/Effects/HealEffect.prefab
  artifactKey: Guid(39f9f70045b56d2449f8e848795989d0) Importer(815301076,1909f56bfc062723c751e8b465ee728b)
Start importing Assets/Prefabs/Effects/HealEffect.prefab using Guid(39f9f70045b56d2449f8e848795989d0) Importer(815301076,1909f56bfc062723c751e8b465ee728b)  -> (artifact id: '6e94cdf4433ed8f26853082a70f3b9bc') in 0.041762 seconds 
  Import took 0.046091 seconds .

========================================================================
Received Import Request.
  Time since last request: 0.000518 seconds.
  path: Assets/Prefabs/Effects/WeakenEffect.prefab
  artifactKey: Guid(4642a3248b4f72f47b2c6eaf1b473471) Importer(815301076,1909f56bfc062723c751e8b465ee728b)
Start importing Assets/Prefabs/Effects/WeakenEffect.prefab using Guid(4642a3248b4f72f47b2c6eaf1b473471) Importer(815301076,1909f56bfc062723c751e8b465ee728b)  -> (artifact id: '98d2c40ec16da6d5ca00e94548569725') in 0.040747 seconds 
  Import took 0.055213 seconds .

========================================================================
Received Import Request.
  Time since last request: 0.000447 seconds.
  path: Assets/Prefabs/Effects/PunchEffect.prefab
  artifactKey: Guid(153e218eab33ce44aa0ee5a30959daa2) Importer(815301076,1909f56bfc062723c751e8b465ee728b)
Start importing Assets/Prefabs/Effects/PunchEffect.prefab using Guid(153e218eab33ce44aa0ee5a30959daa2) Importer(815301076,1909f56bfc062723c751e8b465ee728b)  -> (artifact id: '971893e62488e7620d84150b7c3c28c9') in 0.063962 seconds 
  Import took 0.070573 seconds .

========================================================================
Received Import Request.
  Time since last request: 0.000306 seconds.
  path: Assets/Prefabs/Effects/QuickAttackEffect.prefab
  artifactKey: Guid(ff61d01611a5f8f47b4a73ee48ef8d79) Importer(815301076,1909f56bfc062723c751e8b465ee728b)
Start importing Assets/Prefabs/Effects/QuickAttackEffect.prefab using Guid(ff61d01611a5f8f47b4a73ee48ef8d79) Importer(815301076,1909f56bfc062723c751e8b465ee728b)  -> (artifact id: '65a42ed602355bf29c1bce5b9627f96f') in 0.057540 seconds 
  Import took 0.064761 seconds .

========================================================================
Received Import Request.
  Time since last request: 0.000392 seconds.
  path: Assets/Prefabs/UI/StatsPanel.prefab
  artifactKey: Guid(ffa40bcafefbff44d8bc0ab8a5e793b6) Importer(815301076,1909f56bfc062723c751e8b465ee728b)
Start importing Assets/Prefabs/UI/StatsPanel.prefab using Guid(ffa40bcafefbff44d8bc0ab8a5e793b6) Importer(815301076,1909f56bfc062723c751e8b465ee728b)  -> (artifact id: '3a717eefd56cd8d0114d45f1e2ba58d1') in 0.087171 seconds 
  Import took 0.091429 seconds .

========================================================================
Received Import Request.
  Time since last request: 0.000329 seconds.
  path: Assets/Prefabs/Effects/QuickAttackEffect.prefab
  artifactKey: Guid(ff61d01611a5f8f47b4a73ee48ef8d79) Importer(815301076,1909f56bfc062723c751e8b465ee728b)
Start importing Assets/Prefabs/Effects/QuickAttackEffect.prefab using Guid(ff61d01611a5f8f47b4a73ee48ef8d79) Importer(815301076,1909f56bfc062723c751e8b465ee728b)  -> (artifact id: '65a42ed602355bf29c1bce5b9627f96f') in 0.027225 seconds 
  Import took 0.031520 seconds .

========================================================================
Received Prepare
Registering precompiled user dll's ...
Registered in 0.011925 seconds.
Begin MonoManager ReloadAssembly
Native extension for WindowsStandalone target not found
Refreshing native plugins compatible for Editor in 0.57 ms, found 2 plugins.
Preloading 0 native plugins for Editor in 0.00 ms.
Mono: successfully reloaded assembly
- Completed reload, in  2.421 seconds
Domain Reload Profiling:
	ReloadAssembly (2422ms)
		BeginReloadAssembly (256ms)
			ExecutionOrderSort (0ms)
			DisableScriptedObjects (13ms)
			BackupInstance (0ms)
			ReleaseScriptingObjects (0ms)
			CreateAndSetChildDomain (76ms)
		EndReloadAssembly (2019ms)
			LoadAssemblies (206ms)
			RebuildTransferFunctionScriptingTraits (0ms)
			SetupTypeCache (588ms)
			ReleaseScriptCaches (1ms)
			RebuildScriptCaches (93ms)
			SetupLoadedEditorAssemblies (905ms)
				LogAssemblyErrors (0ms)
				InitializePlatformSupportModulesInManaged (15ms)
				SetLoadedEditorAssemblies (1ms)
				RefreshPlugins (1ms)
				BeforeProcessingInitializeOnLoad (167ms)
				ProcessInitializeOnLoadAttributes (696ms)
				ProcessInitializeOnLoadMethodAttributes (11ms)
				AfterProcessingInitializeOnLoad (14ms)
				EditorAssembliesLoaded (1ms)
			ExecutionOrderSort2 (0ms)
			AwakeInstancesAfterBackupRestoration (17ms)
Platform modules already initialized, skipping
Refreshing native plugins compatible for Editor in 0.62 ms, found 2 plugins.
Preloading 0 native plugins for Editor in 0.00 ms.
Unloading 1416 Unused Serialized files (Serialized files now loaded: 0)
System memory in use before: 68.9 MB.
System memory in use after: 69.0 MB.

Unloading 17 unused Assets to reduce memory usage. Loaded Objects now: 1903.
Total: 6.195690 ms (FindLiveObjects: 0.286000 ms CreateObjectMapping: 0.068933 ms MarkObjects: 5.754223 ms  DeleteObjects: 0.080667 ms)

AssetImportParameters requested are different than current active one (requested -> active):
  custom:framework-win-MediaFoundation: 216162199b28c13a410421893ffa2e32 -> 
  custom:video-decoder-ogg-theora: a1e56fd34408186e4bbccfd4996cb3dc -> 
  custom:container-muxer-webm: aa71ff27fc2769a1b78a27578f13a17b -> 
  custom:container-demuxer-webm: 4f35f7cbe854078d1ac9338744f61a02 -> 
  custom:container-demuxer-ogg: 62fdf1f143b41e24485cea50d1cbac27 -> 
  custom:video-encoder-webm-vp8: eb34c28f22e8b96e1ab97ce403110664 -> 
  custom:video-decoder-webm-vp8: 9c59270c3fd7afecdb556c50c9e8de78 -> 
  custom:audio-decoder-ogg-vorbis: bf7c407c2cedff20999df2af8eb42d56 -> 
  custom:audio-encoder-webm-vorbis: bf7c407c2cedff20999df2af8eb42d56 -> 
========================================================================
Received Import Request.
  Time since last request: 507.702960 seconds.
  path: Assets/Images/Characters/Serpard.png
  artifactKey: Guid(0559170e650c0314da9fe4764e23e8b6) Importer(815301076,1909f56bfc062723c751e8b465ee728b)
Start importing Assets/Images/Characters/Serpard.png using Guid(0559170e650c0314da9fe4764e23e8b6) Importer(815301076,1909f56bfc062723c751e8b465ee728b)  -> (artifact id: 'b15d8e7f879607bd17f013b7bcd75599') in 0.150738 seconds 
  Import took 0.157149 seconds .

========================================================================
Received Import Request.
  Time since last request: 259.619634 seconds.
  path: Assets/Prefabs/Effects/CurseEffect.prefab
  artifactKey: Guid(b51663b5a1fcb374d9e987fac33a5b08) Importer(815301076,1909f56bfc062723c751e8b465ee728b)
Start importing Assets/Prefabs/Effects/CurseEffect.prefab using Guid(b51663b5a1fcb374d9e987fac33a5b08) Importer(815301076,1909f56bfc062723c751e8b465ee728b)  -> (artifact id: '3d4ef13720055778e6da5fcf505258fc') in 0.094162 seconds 
  Import took 0.098626 seconds .

========================================================================
Received Import Request.
  Time since last request: 0.000298 seconds.
  path: Assets/Prefabs/Effects/DragonFuryEffect.prefab
  artifactKey: Guid(a0ac3c1cd12b0b146850da4cc37fb779) Importer(815301076,1909f56bfc062723c751e8b465ee728b)
Start importing Assets/Prefabs/Effects/DragonFuryEffect.prefab using Guid(a0ac3c1cd12b0b146850da4cc37fb779) Importer(815301076,1909f56bfc062723c751e8b465ee728b)  -> (artifact id: '20c8b4b68bcf1ac505aaa471d74e2e5b') in 0.034168 seconds 
  Import took 0.038404 seconds .

========================================================================
Received Import Request.
  Time since last request: 0.002906 seconds.
  path: Assets/Prefabs/Effects/EnrageEffect.prefab
  artifactKey: Guid(9f7a3ae2bf5b48b439f7a877c85603e0) Importer(815301076,1909f56bfc062723c751e8b465ee728b)
Start importing Assets/Prefabs/Effects/EnrageEffect.prefab using Guid(9f7a3ae2bf5b48b439f7a877c85603e0) Importer(815301076,1909f56bfc062723c751e8b465ee728b)  -> (artifact id: 'd797b62a3739264b13bc117a24caeb87') in 0.037859 seconds 
  Import took 0.045862 seconds .

========================================================================
Received Prepare
Registering precompiled user dll's ...
Registered in 0.008137 seconds.
Begin MonoManager ReloadAssembly
Native extension for WindowsStandalone target not found
Refreshing native plugins compatible for Editor in 0.65 ms, found 2 plugins.
Preloading 0 native plugins for Editor in 0.00 ms.
Mono: successfully reloaded assembly
- Completed reload, in  2.479 seconds
Domain Reload Profiling:
	ReloadAssembly (2480ms)
		BeginReloadAssembly (269ms)
			ExecutionOrderSort (0ms)
			DisableScriptedObjects (12ms)
			BackupInstance (0ms)
			ReleaseScriptingObjects (0ms)
			CreateAndSetChildDomain (82ms)
		EndReloadAssembly (2065ms)
			LoadAssemblies (210ms)
			RebuildTransferFunctionScriptingTraits (0ms)
			SetupTypeCache (554ms)
			ReleaseScriptCaches (1ms)
			RebuildScriptCaches (91ms)
			SetupLoadedEditorAssemblies (991ms)
				LogAssemblyErrors (0ms)
				InitializePlatformSupportModulesInManaged (14ms)
				SetLoadedEditorAssemblies (1ms)
				RefreshPlugins (1ms)
				BeforeProcessingInitializeOnLoad (171ms)
				ProcessInitializeOnLoadAttributes (779ms)
				ProcessInitializeOnLoadMethodAttributes (11ms)
				AfterProcessingInitializeOnLoad (14ms)
				EditorAssembliesLoaded (1ms)
			ExecutionOrderSort2 (0ms)
			AwakeInstancesAfterBackupRestoration (17ms)
Platform modules already initialized, skipping
Refreshing native plugins compatible for Editor in 0.55 ms, found 2 plugins.
Preloading 0 native plugins for Editor in 0.00 ms.
Unloading 1416 Unused Serialized files (Serialized files now loaded: 0)
System memory in use before: 68.9 MB.
System memory in use after: 69.0 MB.

Unloading 15 unused Assets to reduce memory usage. Loaded Objects now: 1906.
Total: 4.757378 ms (FindLiveObjects: 0.289911 ms CreateObjectMapping: 0.068444 ms MarkObjects: 4.250889 ms  DeleteObjects: 0.140311 ms)

AssetImportParameters requested are different than current active one (requested -> active):
  custom:framework-win-MediaFoundation: 216162199b28c13a410421893ffa2e32 -> 
  custom:video-decoder-ogg-theora: a1e56fd34408186e4bbccfd4996cb3dc -> 
  custom:container-muxer-webm: aa71ff27fc2769a1b78a27578f13a17b -> 
  custom:container-demuxer-webm: 4f35f7cbe854078d1ac9338744f61a02 -> 
  custom:container-demuxer-ogg: 62fdf1f143b41e24485cea50d1cbac27 -> 
  custom:video-encoder-webm-vp8: eb34c28f22e8b96e1ab97ce403110664 -> 
  custom:video-decoder-webm-vp8: 9c59270c3fd7afecdb556c50c9e8de78 -> 
  custom:audio-decoder-ogg-vorbis: bf7c407c2cedff20999df2af8eb42d56 -> 
  custom:audio-encoder-webm-vorbis: bf7c407c2cedff20999df2af8eb42d56 -> 
========================================================================
Received Prepare
Refreshing native plugins compatible for Editor in 6.28 ms, found 2 plugins.
Preloading 0 native plugins for Editor in 0.00 ms.
Unloading 11 Unused Serialized files (Serialized files now loaded: 0)
System memory in use before: 41.1 MB.
System memory in use after: 41.2 MB.

Unloading 11 unused Assets to reduce memory usage. Loaded Objects now: 1906.
Total: 6.286134 ms (FindLiveObjects: 0.274756 ms CreateObjectMapping: 0.066489 ms MarkObjects: 5.903823 ms  DeleteObjects: 0.035200 ms)

AssetImportParameters requested are different than current active one (requested -> active):
  custom:framework-win-MediaFoundation: 216162199b28c13a410421893ffa2e32 -> 
  custom:video-decoder-ogg-theora: a1e56fd34408186e4bbccfd4996cb3dc -> 
  custom:container-muxer-webm: aa71ff27fc2769a1b78a27578f13a17b -> 
  custom:container-demuxer-webm: 4f35f7cbe854078d1ac9338744f61a02 -> 
  custom:container-demuxer-ogg: 62fdf1f143b41e24485cea50d1cbac27 -> 
  custom:video-encoder-webm-vp8: eb34c28f22e8b96e1ab97ce403110664 -> 
  custom:video-decoder-webm-vp8: 9c59270c3fd7afecdb556c50c9e8de78 -> 
  custom:audio-decoder-ogg-vorbis: bf7c407c2cedff20999df2af8eb42d56 -> 
  custom:audio-encoder-webm-vorbis: bf7c407c2cedff20999df2af8eb42d56 -> 
========================================================================
Received Import Request.
  Time since last request: 668.510853 seconds.
  path: Assets/Scripts/GaneHelper.cs
  artifactKey: Guid(9784349ffaf62d940a00c7b772477864) Importer(815301076,1909f56bfc062723c751e8b465ee728b)
Start importing Assets/Scripts/GaneHelper.cs using Guid(9784349ffaf62d940a00c7b772477864) Importer(815301076,1909f56bfc062723c751e8b465ee728b)  -> (artifact id: 'e979da298844719a89ab9630c0c792fb') in 0.019427 seconds 
  Import took 0.026743 seconds .

========================================================================
Received Import Request.
  Time since last request: 42.141073 seconds.
  path: Assets/Scenes/Gane.unity
  artifactKey: Guid(8a1d46fcb7bbf064ea26538af30bb086) Importer(815301076,1909f56bfc062723c751e8b465ee728b)
Start importing Assets/Scenes/Gane.unity using Guid(8a1d46fcb7bbf064ea26538af30bb086) Importer(815301076,1909f56bfc062723c751e8b465ee728b)  -> (artifact id: '23e075c00a3c8d38bcefc3613c6da953') in 0.032272 seconds 
  Import took 0.042015 seconds .

AssetImportWorkerClient::OnTransportError - code=2 error=End of file
